proguard/seeds.txt
com.test.MainActivity
com.test.MainActivity$BroadcastPackets
com.test.NativeTask
com.test.NativeTask: int runCommand(java.lang.String)
com.test.SniffingService
...
com.lipcap.MainActivity